Size: 11, depth: 2
     a   b   c   d   e   f   g   h   i   j   k
   +---+---+---+---+---+---+---+---+---+---+---+
 1 |   |   |   |   |   |   |   |   |   |   |   |
   +---+---+---+---+---+---+---+---+---+---+---+
 2 |   |   |   |   |   |   |   |   |   |   |   |
   +---+---+---+---+---+---+---+---+---+---+---+
 3 |   |   |   |   |   |   |   |   |   |   |   |
   +---+---+---+---+---+---+---+---+---+---+---+
 4 |   |   |   |   |   |   |   |   |   |   |   |
   +---+---+---+---+---+---+---+---+---+---+---+
 5 |   |   |   |   |   |   |   |   |   |   |   |
   +---+---+---+---+---+---+---+---+---+---+---+
 6 |   |   |   |   |   |   |   |   |   |   |   |
   +---+---+---+---+---+---+---+---+---+---+---+
 7 |   |   |   |   |   |   |   |   |   |   |   |
   +---+---+---+---+---+---+---+---+---+---+---+
 8 |   |   |   |   |   |   |   |   |   |   |   |
   +---+---+---+---+---+---+---+---+---+---+---+
 9 |   |   |   |   |   |   |   |   |   |   |   |
   +---+---+---+---+---+---+---+---+---+---+---+
10 |   |   |   |   |   |   |   |   |   |   |   |
   +---+---+---+---+---+---+---+---+---+---+---+
11 |   |   |   |   |   |   |   |   |   |   |   |
   +---+---+---+---+---+---+---+---+---+---+---+
Move played: --
Dark player (COM) plays now
Dark player (COM) is calculating its next move... (this might take up to 30 seconds)
     a   b   c   d   e   f   g   h   i   j   k
   +---+---+---+---+---+---+---+---+---+---+---+
 1 |   |   |   |   |   |   |   |   |   |   |   |
   +---+---+---+---+---+---+---+---+---+---+---+
 2 |   |   |   |   |   |   |   |   |   |   |   |
   +---+---+---+---+---+---+---+---+---+---+---+
 3 |   |   |   |   |   |   |   |   |   |   |   |
   +---+---+---+---+---+---+---+---+---+---+---+
 4 |   |   |   |   |   |   |   |   |   |   |   |
   +---+---+---+---+---+---+---+---+---+---+---+
 5 |   |   |   |   |   |   |   |   |   |   |   |
   +---+---+---+---+---+---+---+---+---+---+---+
 6 |   |   |   |   |   |   |   |   |   |   |   |
   +---+---+---+---+---+---+---+---+---+---+---+
 7 |   |   |   |   |   |   |   |   |   |   |   |
   +---+---+---+---+---+---+---+---+---+---+---+
 8 |   |   |   |   |   |   |   |   |   |   |   |
   +---+---+---+---+---+---+---+---+---+---+---+
 9 |   |   |   |   |   | D |   |   |   |   |   |
   +---+---+---+---+---+---+---+---+---+---+---+
10 |   |   |   |   |   |   |   |   |   |   |   |
   +---+---+---+---+---+---+---+---+---+---+---+
11 |   |   |   |   |   |   |   |   |   |   |   |
   +---+---+---+---+---+---+---+---+---+---+---+
Move played: f9
Light player (human) plays now
>      a   b   c   d   e   f   g   h   i   j   k
   +---+---+---+---+---+---+---+---+---+---+---+
 1 |   |   |   |   |   |   |   |   |   |   |   |
   +---+---+---+---+---+---+---+---+---+---+---+
 2 |   |   |   |   |   |   |   |   |   |   |   |
   +---+---+---+---+---+---+---+---+---+---+---+
 3 |   |   |   |   |   |   |   |   |   |   |   |
   +---+---+---+---+---+---+---+---+---+---+---+
 4 |   |   |   |   |   |   |   |   |   |   |   |
   +---+---+---+---+---+---+---+---+---+---+---+
 5 |   |   |   |   |   |   |   |   |   |   |   |
   +---+---+---+---+---+---+---+---+---+---+---+
 6 |   |   |   |   |   |   |   |   |   |   |   |
   +---+---+---+---+---+---+---+---+---+---+---+
 7 |   |   |   |   |   |   |   |   |   |   |   |
   +---+---+---+---+---+---+---+---+---+---+---+
 8 |   |   |   |   |   |   |   |   |   |   |   |
   +---+---+---+---+---+---+---+---+---+---+---+
 9 |   |   |   |   |   | D | L |   |   |   |   |
   +---+---+---+---+---+---+---+---+---+---+---+
10 |   |   |   |   |   |   |   |   |   |   |   |
   +---+---+---+---+---+---+---+---+---+---+---+
11 |   |   |   |   |   |   |   |   |   |   |   |
   +---+---+---+---+---+---+---+---+---+---+---+
Move played: g9
Dark player (COM) plays now
Dark player (COM) is calculating its next move... (this might take up to 30 seconds)
     a   b   c   d   e   f   g   h   i   j   k
   +---+---+---+---+---+---+---+---+---+---+---+
 1 |   |   |   |   |   |   |   |   |   |   |   |
   +---+---+---+---+---+---+---+---+---+---+---+
 2 |   |   |   |   |   |   |   |   |   |   |   |
   +---+---+---+---+---+---+---+---+---+---+---+
 3 |   |   |   |   |   |   |   |   |   |   |   |
   +---+---+---+---+---+---+---+---+---+---+---+
 4 |   |   |   |   |   |   |   |   |   |   |   |
   +---+---+---+---+---+---+---+---+---+---+---+
 5 |   |   |   |   |   |   |   |   |   |   |   |
   +---+---+---+---+---+---+---+---+---+---+---+
 6 |   |   |   |   |   |   |   |   |   |   |   |
   +---+---+---+---+---+---+---+---+---+---+---+
 7 |   |   |   |   |   |   |   |   |   |   |   |
   +---+---+---+---+---+---+---+---+---+---+---+
 8 |   |   |   |   |   | D |   |   |   |   |   |
   +---+---+---+---+---+---+---+---+---+---+---+
 9 |   |   |   |   |   | D | L |   |   |   |   |
   +---+---+---+---+---+---+---+---+---+---+---+
10 |   |   |   |   |   |   |   |   |   |   |   |
   +---+---+---+---+---+---+---+---+---+---+---+
11 |   |   |   |   |   |   |   |   |   |   |   |
   +---+---+---+---+---+---+---+---+---+---+---+
Move played: f8
Light player (human) plays now
>      a   b   c   d   e   f   g   h   i   j   k
   +---+---+---+---+---+---+---+---+---+---+---+
 1 |   |   |   |   |   |   |   |   |   |   |   |
   +---+---+---+---+---+---+---+---+---+---+---+
 2 |   |   |   |   |   |   |   |   |   |   |   |
   +---+---+---+---+---+---+---+---+---+---+---+
 3 |   |   |   |   |   |   |   |   |   |   |   |
   +---+---+---+---+---+---+---+---+---+---+---+
 4 |   |   |   |   |   |   |   |   |   |   |   |
   +---+---+---+---+---+---+---+---+---+---+---+
 5 |   |   |   |   |   | L |   |   |   |   |   |
   +---+---+---+---+---+---+---+---+---+---+---+
 6 |   |   |   |   |   |   |   |   |   |   |   |
   +---+---+---+---+---+---+---+---+---+---+---+
 7 |   |   |   |   |   |   |   |   |   |   |   |
   +---+---+---+---+---+---+---+---+---+---+---+
 8 |   |   |   |   |   | D |   |   |   |   |   |
   +---+---+---+---+---+---+---+---+---+---+---+
 9 |   |   |   |   |   | D | L |   |   |   |   |
   +---+---+---+---+---+---+---+---+---+---+---+
10 |   |   |   |   |   |   |   |   |   |   |   |
   +---+---+---+---+---+---+---+---+---+---+---+
11 |   |   |   |   |   |   |   |   |   |   |   |
   +---+---+---+---+---+---+---+---+---+---+---+
Move played: f5
Dark player (COM) plays now
Dark player (COM) is calculating its next move... (this might take up to 30 seconds)
     a   b   c   d   e   f   g   h   i   j   k
   +---+---+---+---+---+---+---+---+---+---+---+
 1 |   |   |   |   |   |   |   |   |   |   |   |
   +---+---+---+---+---+---+---+---+---+---+---+
 2 |   |   |   |   |   |   |   |   |   |   |   |
   +---+---+---+---+---+---+---+---+---+---+---+
 3 |   |   |   |   |   |   |   |   |   |   |   |
   +---+---+---+---+---+---+---+---+---+---+---+
 4 |   |   |   |   |   |   |   |   |   |   |   |
   +---+---+---+---+---+---+---+---+---+---+---+
 5 |   |   |   |   |   | L |   |   |   |   |   |
   +---+---+---+---+---+---+---+---+---+---+---+
 6 |   |   |   |   |   |   |   |   |   |   |   |
   +---+---+---+---+---+---+---+---+---+---+---+
 7 |   |   |   |   |   |   |   |   |   |   |   |
   +---+---+---+---+---+---+---+---+---+---+---+
 8 |   |   |   |   |   | D | D |   |   |   |   |
   +---+---+---+---+---+---+---+---+---+---+---+
 9 |   |   |   |   |   | D | L |   |   |   |   |
   +---+---+---+---+---+---+---+---+---+---+---+
10 |   |   |   |   |   |   |   |   |   |   |   |
   +---+---+---+---+---+---+---+---+---+---+---+
11 |   |   |   |   |   |   |   |   |   |   |   |
   +---+---+---+---+---+---+---+---+---+---+---+
Move played: g8
Light player (human) plays now
>      a   b   c   d   e   f   g   h   i   j   k
   +---+---+---+---+---+---+---+---+---+---+---+
 1 |   |   |   |   |   |   |   |   |   |   |   |
   +---+---+---+---+---+---+---+---+---+---+---+
 2 |   |   |   |   |   |   |   |   |   |   |   |
   +---+---+---+---+---+---+---+---+---+---+---+
 3 |   |   |   |   |   |   |   |   |   |   |   |
   +---+---+---+---+---+---+---+---+---+---+---+
 4 |   |   |   |   |   |   |   |   |   |   |   |
   +---+---+---+---+---+---+---+---+---+---+---+
 5 |   |   |   |   |   | L |   |   |   |   |   |
   +---+---+---+---+---+---+---+---+---+---+---+
 6 |   |   |   |   |   |   |   |   |   |   |   |
   +---+---+---+---+---+---+---+---+---+---+---+
 7 |   |   |   |   |   |   |   |   |   |   |   |
   +---+---+---+---+---+---+---+---+---+---+---+
 8 |   |   | L |   |   | D | D |   |   |   |   |
   +---+---+---+---+---+---+---+---+---+---+---+
 9 |   |   |   |   |   | D | L |   |   |   |   |
   +---+---+---+---+---+---+---+---+---+---+---+
10 |   |   |   |   |   |   |   |   |   |   |   |
   +---+---+---+---+---+---+---+---+---+---+---+
11 |   |   |   |   |   |   |   |   |   |   |   |
   +---+---+---+---+---+---+---+---+---+---+---+
Move played: c8
Dark player (COM) plays now
Dark player (COM) is calculating its next move... (this might take up to 30 seconds)
     a   b   c   d   e   f   g   h   i   j   k
   +---+---+---+---+---+---+---+---+---+---+---+
 1 |   |   |   |   |   |   |   |   |   |   |   |
   +---+---+---+---+---+---+---+---+---+---+---+
 2 |   |   |   |   |   |   |   |   |   |   |   |
   +---+---+---+---+---+---+---+---+---+---+---+
 3 |   |   |   |   |   |   |   |   |   |   |   |
   +---+---+---+---+---+---+---+---+---+---+---+
 4 |   |   |   |   |   |   |   |   |   |   |   |
   +---+---+---+---+---+---+---+---+---+---+---+
 5 |   |   |   |   |   | L |   |   |   |   |   |
   +---+---+---+---+---+---+---+---+---+---+---+
 6 |   |   |   |   |   |   |   |   |   |   |   |
   +---+---+---+---+---+---+---+---+---+---+---+
 7 |   |   |   |   |   |   |   | D |   |   |   |
   +---+---+---+---+---+---+---+---+---+---+---+
 8 |   |   | L |   |   | D | D |   |   |   |   |
   +---+---+---+---+---+---+---+---+---+---+---+
 9 |   |   |   |   |   | D | L |   |   |   |   |
   +---+---+---+---+---+---+---+---+---+---+---+
10 |   |   |   |   |   |   |   |   |   |   |   |
   +---+---+---+---+---+---+---+---+---+---+---+
11 |   |   |   |   |   |   |   |   |   |   |   |
   +---+---+---+---+---+---+---+---+---+---+---+
Move played: h7
Light player (human) plays now
>      a   b   c   d   e   f   g   h   i   j   k
   +---+---+---+---+---+---+---+---+---+---+---+
 1 |   |   |   |   |   |   |   |   |   |   |   |
   +---+---+---+---+---+---+---+---+---+---+---+
 2 |   |   |   |   |   |   |   |   |   |   |   |
   +---+---+---+---+---+---+---+---+---+---+---+
 3 |   |   |   |   |   |   |   |   |   |   |   |
   +---+---+---+---+---+---+---+---+---+---+---+
 4 |   |   |   |   |   |   |   |   |   |   |   |
   +---+---+---+---+---+---+---+---+---+---+---+
 5 |   |   |   |   |   | L |   |   |   |   |   |
   +---+---+---+---+---+---+---+---+---+---+---+
 6 |   |   |   |   |   |   |   |   | L |   |   |
   +---+---+---+---+---+---+---+---+---+---+---+
 7 |   |   |   |   |   |   |   | D |   |   |   |
   +---+---+---+---+---+---+---+---+---+---+---+
 8 |   |   | L |   |   | D | D |   |   |   |   |
   +---+---+---+---+---+---+---+---+---+---+---+
 9 |   |   |   |   |   | D | L |   |   |   |   |
   +---+---+---+---+---+---+---+---+---+---+---+
10 |   |   |   |   |   |   |   |   |   |   |   |
   +---+---+---+---+---+---+---+---+---+---+---+
11 |   |   |   |   |   |   |   |   |   |   |   |
   +---+---+---+---+---+---+---+---+---+---+---+
Move played: i6
Dark player (COM) plays now
Dark player (COM) is calculating its next move... (this might take up to 30 seconds)
     a   b   c   d   e   f   g   h   i   j   k
   +---+---+---+---+---+---+---+---+---+---+---+
 1 |   |   |   |   |   |   |   |   |   |   |   |
   +---+---+---+---+---+---+---+---+---+---+---+
 2 |   |   |   |   |   |   |   |   |   |   |   |
   +---+---+---+---+---+---+---+---+---+---+---+
 3 |   |   |   |   |   |   |   |   |   |   |   |
   +---+---+---+---+---+---+---+---+---+---+---+
 4 |   |   |   |   |   |   |   |   |   |   |   |
   +---+---+---+---+---+---+---+---+---+---+---+
 5 |   |   |   |   |   | L |   |   |   |   |   |
   +---+---+---+---+---+---+---+---+---+---+---+
 6 |   |   |   |   |   |   |   |   | L |   |   |
   +---+---+---+---+---+---+---+---+---+---+---+
 7 |   |   |   |   |   |   |   | D |   |   |   |
   +---+---+---+---+---+---+---+---+---+---+---+
 8 |   |   | L |   |   | D | D | D |   |   |   |
   +---+---+---+---+---+---+---+---+---+---+---+
 9 |   |   |   |   |   | D | L |   |   |   |   |
   +---+---+---+---+---+---+---+---+---+---+---+
10 |   |   |   |   |   |   |   |   |   |   |   |
   +---+---+---+---+---+---+---+---+---+---+---+
11 |   |   |   |   |   |   |   |   |   |   |   |
   +---+---+---+---+---+---+---+---+---+---+---+
Move played: h8
Light player (human) plays now
>      a   b   c   d   e   f   g   h   i   j   k
   +---+---+---+---+---+---+---+---+---+---+---+
 1 |   |   |   |   |   |   |   |   |   |   |   |
   +---+---+---+---+---+---+---+---+---+---+---+
 2 |   |   |   |   |   |   |   |   |   |   |   |
   +---+---+---+---+---+---+---+---+---+---+---+
 3 |   |   |   |   |   |   |   |   |   |   |   |
   +---+---+---+---+---+---+---+---+---+---+---+
 4 |   |   |   |   |   |   |   |   |   |   |   |
   +---+---+---+---+---+---+---+---+---+---+---+
 5 |   |   |   |   |   | L |   |   |   |   |   |
   +---+---+---+---+---+---+---+---+---+---+---+
 6 |   |   |   |   |   |   |   |   | L |   |   |
   +---+---+---+---+---+---+---+---+---+---+---+
 7 |   |   |   |   |   |   |   | D |   |   |   |
   +---+---+---+---+---+---+---+---+---+---+---+
 8 |   |   | L |   |   | D | D | D | L |   |   |
   +---+---+---+---+---+---+---+---+---+---+---+
 9 |   |   |   |   |   | D | L |   |   |   |   |
   +---+---+---+---+---+---+---+---+---+---+---+
10 |   |   |   |   |   |   |   |   |   |   |   |
   +---+---+---+---+---+---+---+---+---+---+---+
11 |   |   |   |   |   |   |   |   |   |   |   |
   +---+---+---+---+---+---+---+---+---+---+---+
Move played: i8
Dark player (COM) plays now
Dark player (COM) is calculating its next move... (this might take up to 30 seconds)
     a   b   c   d   e   f   g   h   i   j   k
   +---+---+---+---+---+---+---+---+---+---+---+
 1 |   |   |   |   |   |   |   |   |   |   |   |
   +---+---+---+---+---+---+---+---+---+---+---+
 2 |   |   |   |   |   |   |   |   |   |   |   |
   +---+---+---+---+---+---+---+---+---+---+---+
 3 |   |   |   |   |   |   |   |   |   |   |   |
   +---+---+---+---+---+---+---+---+---+---+---+
 4 |   |   |   |   |   |   |   |   |   |   |   |
   +---+---+---+---+---+---+---+---+---+---+---+
 5 |   |   |   |   |   | L |   |   |   |   |   |
   +---+---+---+---+---+---+---+---+---+---+---+
 6 |   |   |   |   |   |   |   | D | L |   |   |
   +---+---+---+---+---+---+---+---+---+---+---+
 7 |   |   |   |   |   |   |   | D |   |   |   |
   +---+---+---+---+---+---+---+---+---+---+---+
 8 |   |   | L |   |   | D | D | D | L |   |   |
   +---+---+---+---+---+---+---+---+---+---+---+
 9 |   |   |   |   |   | D | L |   |   |   |   |
   +---+---+---+---+---+---+---+---+---+---+---+
10 |   |   |   |   |   |   |   |   |   |   |   |
   +---+---+---+---+---+---+---+---+---+---+---+
11 |   |   |   |   |   |   |   |   |   |   |   |
   +---+---+---+---+---+---+---+---+---+---+---+
Move played: h6
Light player (human) plays now
>      a   b   c   d   e   f   g   h   i   j   k
   +---+---+---+---+---+---+---+---+---+---+---+
 1 |   |   |   |   |   |   |   |   |   |   |   |
   +---+---+---+---+---+---+---+---+---+---+---+
 2 |   |   |   |   |   |   |   |   |   |   |   |
   +---+---+---+---+---+---+---+---+---+---+---+
 3 |   |   |   |   |   |   |   |   |   |   |   |
   +---+---+---+---+---+---+---+---+---+---+---+
 4 |   |   |   |   |   |   |   |   |   |   |   |
   +---+---+---+---+---+---+---+---+---+---+---+
 5 |   |   |   |   |   | L |   | L |   |   |   |
   +---+---+---+---+---+---+---+---+---+---+---+
 6 |   |   |   |   |   |   |   | D | L |   |   |
   +---+---+---+---+---+---+---+---+---+---+---+
 7 |   |   |   |   |   |   |   | D |   |   |   |
   +---+---+---+---+---+---+---+---+---+---+---+
 8 |   |   | L |   |   | D | D | D | L |   |   |
   +---+---+---+---+---+---+---+---+---+---+---+
 9 |   |   |   |   |   | D | L |   |   |   |   |
   +---+---+---+---+---+---+---+---+---+---+---+
10 |   |   |   |   |   |   |   |   |   |   |   |
   +---+---+---+---+---+---+---+---+---+---+---+
11 |   |   |   |   |   |   |   |   |   |   |   |
   +---+---+---+---+---+---+---+---+---+---+---+
Move played: h5
Dark player (COM) plays now
Dark player (COM) is calculating its next move... (this might take up to 30 seconds)
     a   b   c   d   e   f   g   h   i   j   k
   +---+---+---+---+---+---+---+---+---+---+---+
 1 |   |   |   |   |   |   |   |   |   |   |   |
   +---+---+---+---+---+---+---+---+---+---+---+
 2 |   |   |   |   |   |   |   |   |   |   |   |
   +---+---+---+---+---+---+---+---+---+---+---+
 3 |   |   |   |   |   |   |   |   |   |   |   |
   +---+---+---+---+---+---+---+---+---+---+---+
 4 |   |   |   |   |   |   |   |   |   |   |   |
   +---+---+---+---+---+---+---+---+---+---+---+
 5 |   |   |   |   |   | L |   | L |   |   |   |
   +---+---+---+---+---+---+---+---+---+---+---+
 6 |   |   |   |   |   |   |   | D | L |   |   |
   +---+---+---+---+---+---+---+---+---+---+---+
 7 |   |   |   |   |   |   | D | D |   |   |   |
   +---+---+---+---+---+---+---+---+---+---+---+
 8 |   |   | L |   |   | D | D | D | L |   |   |
   +---+---+---+---+---+---+---+---+---+---+---+
 9 |   |   |   |   |   | D | L |   |   |   |   |
   +---+---+---+---+---+---+---+---+---+---+---+
10 |   |   |   |   |   |   |   |   |   |   |   |
   +---+---+---+---+---+---+---+---+---+---+---+
11 |   |   |   |   |   |   |   |   |   |   |   |
   +---+---+---+---+---+---+---+---+---+---+---+
Move played: g7
Light player (human) plays now
>      a   b   c   d   e   f   g   h   i   j   k
   +---+---+---+---+---+---+---+---+---+---+---+
 1 |   |   |   |   |   |   |   |   |   |   |   |
   +---+---+---+---+---+---+---+---+---+---+---+
 2 |   |   |   |   |   |   |   |   |   |   |   |
   +---+---+---+---+---+---+---+---+---+---+---+
 3 |   |   |   |   |   |   |   |   |   |   |   |
   +---+---+---+---+---+---+---+---+---+---+---+
 4 |   |   |   |   |   |   |   |   |   |   |   |
   +---+---+---+---+---+---+---+---+---+---+---+
 5 |   |   |   |   |   | L |   | L | L |   |   |
   +---+---+---+---+---+---+---+---+---+---+---+
 6 |   |   |   |   |   |   |   | D | L |   |   |
   +---+---+---+---+---+---+---+---+---+---+---+
 7 |   |   |   |   |   |   | D | D |   |   |   |
   +---+---+---+---+---+---+---+---+---+---+---+
 8 |   |   | L |   |   | D | D | D | L |   |   |
   +---+---+---+---+---+---+---+---+---+---+---+
 9 |   |   |   |   |   | D | L |   |   |   |   |
   +---+---+---+---+---+---+---+---+---+---+---+
10 |   |   |   |   |   |   |   |   |   |   |   |
   +---+---+---+---+---+---+---+---+---+---+---+
11 |   |   |   |   |   |   |   |   |   |   |   |
   +---+---+---+---+---+---+---+---+---+---+---+
Move played: i5
Dark player (COM) plays now
Dark player (COM) is calculating its next move... (this might take up to 30 seconds)
     a   b   c   d   e   f   g   h   i   j   k
   +---+---+---+---+---+---+---+---+---+---+---+
 1 |   |   |   |   |   |   |   |   |   |   |   |
   +---+---+---+---+---+---+---+---+---+---+---+
 2 |   |   |   |   |   |   |   |   |   |   |   |
   +---+---+---+---+---+---+---+---+---+---+---+
 3 |   |   |   |   |   |   |   |   |   |   |   |
   +---+---+---+---+---+---+---+---+---+---+---+
 4 |   |   |   |   |   |   |   |   |   |   |   |
   +---+---+---+---+---+---+---+---+---+---+---+
 5 |   |   |   |   |   | L |   | L | L |   |   |
   +---+---+---+---+---+---+---+---+---+---+---+
 6 |   |   |   |   |   |   |   | D | L |   |   |
   +---+---+---+---+---+---+---+---+---+---+---+
 7 |   |   |   |   |   |   | D | D | D |   |   |
   +---+---+---+---+---+---+---+---+---+---+---+
 8 |   |   | L |   |   | D | D | D | L |   |   |
   +---+---+---+---+---+---+---+---+---+---+---+
 9 |   |   |   |   |   | D | L |   |   |   |   |
   +---+---+---+---+---+---+---+---+---+---+---+
10 |   |   |   |   |   |   |   |   |   |   |   |
   +---+---+---+---+---+---+---+---+---+---+---+
11 |   |   |   |   |   |   |   |   |   |   |   |
   +---+---+---+---+---+---+---+---+---+---+---+
Move played: i7
Light player (human) plays now
>      a   b   c   d   e   f   g   h   i   j   k
   +---+---+---+---+---+---+---+---+---+---+---+
 1 |   |   |   |   |   |   |   |   |   |   |   |
   +---+---+---+---+---+---+---+---+---+---+---+
 2 |   |   |   |   |   |   |   |   |   |   |   |
   +---+---+---+---+---+---+---+---+---+---+---+
 3 |   |   |   |   |   |   |   |   |   |   |   |
   +---+---+---+---+---+---+---+---+---+---+---+
 4 |   |   |   |   |   |   |   |   |   |   |   |
   +---+---+---+---+---+---+---+---+---+---+---+
 5 |   |   |   |   |   | L | L | L | L |   |   |
   +---+---+---+---+---+---+---+---+---+---+---+
 6 |   |   |   |   |   |   |   | D | L |   |   |
   +---+---+---+---+---+---+---+---+---+---+---+
 7 |   |   |   |   |   |   | D | D | D |   |   |
   +---+---+---+---+---+---+---+---+---+---+---+
 8 |   |   | L |   |   | D | D | D | L |   |   |
   +---+---+---+---+---+---+---+---+---+---+---+
 9 |   |   |   |   |   | D | L |   |   |   |   |
   +---+---+---+---+---+---+---+---+---+---+---+
10 |   |   |   |   |   |   |   |   |   |   |   |
   +---+---+---+---+---+---+---+---+---+---+---+
11 |   |   |   |   |   |   |   |   |   |   |   |
   +---+---+---+---+---+---+---+---+---+---+---+
Move played: g5
Dark player (COM) plays now
Dark player (COM) is calculating its next move... (this might take up to 30 seconds)
     a   b   c   d   e   f   g   h   i   j   k
   +---+---+---+---+---+---+---+---+---+---+---+
 1 |   |   |   |   |   |   |   |   |   |   |   |
   +---+---+---+---+---+---+---+---+---+---+---+
 2 |   |   |   |   |   |   |   |   |   |   |   |
   +---+---+---+---+---+---+---+---+---+---+---+
 3 |   |   |   |   |   |   |   |   |   |   |   |
   +---+---+---+---+---+---+---+---+---+---+---+
 4 |   |   |   |   |   |   |   |   |   |   |   |
   +---+---+---+---+---+---+---+---+---+---+---+
 5 |   |   |   |   |   | L | L | L | L |   |   |
   +---+---+---+---+---+---+---+---+---+---+---+
 6 |   |   |   |   |   |   |   | D | L |   |   |
   +---+---+---+---+---+---+---+---+---+---+---+
 7 |   |   |   |   |   |   | D | D | D |   |   |
   +---+---+---+---+---+---+---+---+---+---+---+
 8 | D |   | L |   |   | D | D | D | L |   |   |
   +---+---+---+---+---+---+---+---+---+---+---+
 9 |   |   |   |   |   | D | L |   |   |   |   |
   +---+---+---+---+---+---+---+---+---+---+---+
10 |   |   |   |   |   |   |   |   |   |   |   |
   +---+---+---+---+---+---+---+---+---+---+---+
11 |   |   |   |   |   |   |   |   |   |   |   |
   +---+---+---+---+---+---+---+---+---+---+---+
Move played: a8
