Size: 11, depth: 2
     a   b   c   d   e   f   g   h   i   j   k 
   +---+---+---+---+---+---+---+---+---+---+---+ 
 1 |   |   |   |   |   |   |   |   |   |   |   | 
   +---+---+---+---+---+---+---+---+---+---+---+ 
 2 |   |   |   |   |   |   |   |   |   |   |   | 
   +---+---+---+---+---+---+---+---+---+---+---+ 
 3 |   |   |   |   |   |   |   |   |   |   |   | 
   +---+---+---+---+---+---+---+---+---+---+---+ 
 4 |   |   |   |   |   |   |   |   |   |   |   | 
   +---+---+---+---+---+---+---+---+---+---+---+ 
 5 |   |   |   |   |   |   |   |   |   |   |   | 
   +---+---+---+---+---+---+---+---+---+---+---+ 
 6 |   |   |   |   |   |   |   |   |   |   |   | 
   +---+---+---+---+---+---+---+---+---+---+---+ 
 7 |   |   |   |   |   |   |   |   |   |   |   | 
   +---+---+---+---+---+---+---+---+---+---+---+ 
 8 |   |   |   |   |   |   |   |   |   |   |   | 
   +---+---+---+---+---+---+---+---+---+---+---+ 
 9 |   |   |   |   |   |   |   |   |   |   |   | 
   +---+---+---+---+---+---+---+---+---+---+---+ 
10 |   |   |   |   |   |   |   |   |   |   |   | 
   +---+---+---+---+---+---+---+---+---+---+---+ 
11 |   |   |   |   |   |   |   |   |   |   |   | 
   +---+---+---+---+---+---+---+---+---+---+---+ 
Move played: --
Dark player (human) plays now
>      a   b   c   d   e   f   g   h   i   j   k 
   +---+---+---+---+---+---+---+---+---+---+---+ 
 1 |   |   |   |   |   |   |   |   |   |   |   | 
   +---+---+---+---+---+---+---+---+---+---+---+ 
 2 |   |   |   |   |   |   |   |   |   |   |   | 
   +---+---+---+---+---+---+---+---+---+---+---+ 
 3 |   |   |   |   |   |   |   |   |   | D |   | 
   +---+---+---+---+---+---+---+---+---+---+---+ 
 4 |   |   |   |   |   |   |   |   |   |   |   | 
   +---+---+---+---+---+---+---+---+---+---+---+ 
 5 |   |   |   |   |   |   |   |   |   |   |   | 
   +---+---+---+---+---+---+---+---+---+---+---+ 
 6 |   |   |   |   |   |   |   |   |   |   |   | 
   +---+---+---+---+---+---+---+---+---+---+---+ 
 7 |   |   |   |   |   |   |   |   |   |   |   | 
   +---+---+---+---+---+---+---+---+---+---+---+ 
 8 |   |   |   |   |   |   |   |   |   |   |   | 
   +---+---+---+---+---+---+---+---+---+---+---+ 
 9 |   |   |   |   |   |   |   |   |   |   |   | 
   +---+---+---+---+---+---+---+---+---+---+---+ 
10 |   |   |   |   |   |   |   |   |   |   |   | 
   +---+---+---+---+---+---+---+---+---+---+---+ 
11 |   |   |   |   |   |   |   |   |   |   |   | 
   +---+---+---+---+---+---+---+---+---+---+---+ 
Move played: j3
Light player (COM) plays now
Light player (COM) is calculating its next move... (this might take up to 30 seconds)
     a   b   c   d   e   f   g   h   i   j   k 
   +---+---+---+---+---+---+---+---+---+---+---+ 
 1 |   |   |   |   |   |   |   |   |   |   |   | 
   +---+---+---+---+---+---+---+---+---+---+---+ 
 2 |   |   |   |   |   |   |   |   |   |   |   | 
   +---+---+---+---+---+---+---+---+---+---+---+ 
 3 |   |   |   |   |   |   |   |   |   | D |   | 
   +---+---+---+---+---+---+---+---+---+---+---+ 
 4 |   |   |   |   |   |   |   |   |   |   |   | 
   +---+---+---+---+---+---+---+---+---+---+---+ 
 5 |   |   |   |   |   |   |   |   |   |   |   | 
   +---+---+---+---+---+---+---+---+---+---+---+ 
 6 |   |   |   |   |   |   |   |   |   |   |   | 
   +---+---+---+---+---+---+---+---+---+---+---+ 
 7 |   |   |   |   |   |   | L |   |   |   |   | 
   +---+---+---+---+---+---+---+---+---+---+---+ 
 8 |   |   |   |   |   |   |   |   |   |   |   | 
   +---+---+---+---+---+---+---+---+---+---+---+ 
 9 |   |   |   |   |   |   |   |   |   |   |   | 
   +---+---+---+---+---+---+---+---+---+---+---+ 
10 |   |   |   |   |   |   |   |   |   |   |   | 
   +---+---+---+---+---+---+---+---+---+---+---+ 
11 |   |   |   |   |   |   |   |   |   |   |   | 
   +---+---+---+---+---+---+---+---+---+---+---+ 
Move played: g7
Dark player (human) plays now
>      a   b   c   d   e   f   g   h   i   j   k 
   +---+---+---+---+---+---+---+---+---+---+---+ 
 1 |   |   |   |   |   |   |   |   |   |   |   | 
   +---+---+---+---+---+---+---+---+---+---+---+ 
 2 |   |   |   |   |   |   |   |   |   |   |   | 
   +---+---+---+---+---+---+---+---+---+---+---+ 
 3 |   |   |   |   |   |   |   |   |   | D |   | 
   +---+---+---+---+---+---+---+---+---+---+---+ 
 4 |   |   |   |   |   |   |   |   |   |   |   | 
   +---+---+---+---+---+---+---+---+---+---+---+ 
 5 |   |   |   |   |   |   |   |   |   |   |   | 
   +---+---+---+---+---+---+---+---+---+---+---+ 
 6 |   |   |   |   |   |   |   |   |   |   |   | 
   +---+---+---+---+---+---+---+---+---+---+---+ 
 7 |   | D |   |   |   |   | L |   |   |   |   | 
   +---+---+---+---+---+---+---+---+---+---+---+ 
 8 |   |   |   |   |   |   |   |   |   |   |   | 
   +---+---+---+---+---+---+---+---+---+---+---+ 
 9 |   |   |   |   |   |   |   |   |   |   |   | 
   +---+---+---+---+---+---+---+---+---+---+---+ 
10 |   |   |   |   |   |   |   |   |   |   |   | 
   +---+---+---+---+---+---+---+---+---+---+---+ 
11 |   |   |   |   |   |   |   |   |   |   |   | 
   +---+---+---+---+---+---+---+---+---+---+---+ 
Move played: b7
Light player (COM) plays now
Light player (COM) is calculating its next move... (this might take up to 30 seconds)
     a   b   c   d   e   f   g   h   i   j   k 
   +---+---+---+---+---+---+---+---+---+---+---+ 
 1 |   |   |   |   |   |   |   |   |   |   |   | 
   +---+---+---+---+---+---+---+---+---+---+---+ 
 2 |   |   |   |   |   |   |   |   |   |   |   | 
   +---+---+---+---+---+---+---+---+---+---+---+ 
 3 |   |   |   |   |   |   |   |   |   | D |   | 
   +---+---+---+---+---+---+---+---+---+---+---+ 
 4 |   |   |   |   |   |   |   |   |   |   |   | 
   +---+---+---+---+---+---+---+---+---+---+---+ 
 5 |   |   |   |   |   |   |   |   |   |   |   | 
   +---+---+---+---+---+---+---+---+---+---+---+ 
 6 |   |   |   |   |   |   |   |   |   |   |   | 
   +---+---+---+---+---+---+---+---+---+---+---+ 
 7 |   | D |   |   |   |   | L | L |   |   |   | 
   +---+---+---+---+---+---+---+---+---+---+---+ 
 8 |   |   |   |   |   |   |   |   |   |   |   | 
   +---+---+---+---+---+---+---+---+---+---+---+ 
 9 |   |   |   |   |   |   |   |   |   |   |   | 
   +---+---+---+---+---+---+---+---+---+---+---+ 
10 |   |   |   |   |   |   |   |   |   |   |   | 
   +---+---+---+---+---+---+---+---+---+---+---+ 
11 |   |   |   |   |   |   |   |   |   |   |   | 
   +---+---+---+---+---+---+---+---+---+---+---+ 
Move played: h7
Dark player (human) plays now
>      a   b   c   d   e   f   g   h   i   j   k 
   +---+---+---+---+---+---+---+---+---+---+---+ 
 1 |   |   |   |   |   |   |   |   |   |   |   | 
   +---+---+---+---+---+---+---+---+---+---+---+ 
 2 |   |   |   |   |   |   |   |   |   |   |   | 
   +---+---+---+---+---+---+---+---+---+---+---+ 
 3 |   |   |   |   |   |   |   |   |   | D |   | 
   +---+---+---+---+---+---+---+---+---+---+---+ 
 4 |   |   |   |   |   |   |   |   |   |   |   | 
   +---+---+---+---+---+---+---+---+---+---+---+ 
 5 |   |   |   |   |   |   |   |   |   |   |   | 
   +---+---+---+---+---+---+---+---+---+---+---+ 
 6 |   |   |   |   |   |   |   |   |   |   |   | 
   +---+---+---+---+---+---+---+---+---+---+---+ 
 7 |   | D |   |   |   | D | L | L |   |   |   | 
   +---+---+---+---+---+---+---+---+---+---+---+ 
 8 |   |   |   |   |   |   |   |   |   |   |   | 
   +---+---+---+---+---+---+---+---+---+---+---+ 
 9 |   |   |   |   |   |   |   |   |   |   |   | 
   +---+---+---+---+---+---+---+---+---+---+---+ 
10 |   |   |   |   |   |   |   |   |   |   |   | 
   +---+---+---+---+---+---+---+---+---+---+---+ 
11 |   |   |   |   |   |   |   |   |   |   |   | 
   +---+---+---+---+---+---+---+---+---+---+---+ 
Move played: f7
Light player (COM) plays now
Light player (COM) is calculating its next move... (this might take up to 30 seconds)
     a   b   c   d   e   f   g   h   i   j   k 
   +---+---+---+---+---+---+---+---+---+---+---+ 
 1 |   |   |   |   |   |   |   |   |   |   |   | 
   +---+---+---+---+---+---+---+---+---+---+---+ 
 2 |   |   |   |   |   |   |   |   |   |   |   | 
   +---+---+---+---+---+---+---+---+---+---+---+ 
 3 |   |   |   |   |   |   |   |   |   | D |   | 
   +---+---+---+---+---+---+---+---+---+---+---+ 
 4 |   |   |   |   |   |   |   |   |   |   |   | 
   +---+---+---+---+---+---+---+---+---+---+---+ 
 5 |   |   |   |   |   |   |   |   |   |   |   | 
   +---+---+---+---+---+---+---+---+---+---+---+ 
 6 |   |   |   |   |   |   |   |   | L |   |   | 
   +---+---+---+---+---+---+---+---+---+---+---+ 
 7 |   | D |   |   |   | D | L | L |   |   |   | 
   +---+---+---+---+---+---+---+---+---+---+---+ 
 8 |   |   |   |   |   |   |   |   |   |   |   | 
   +---+---+---+---+---+---+---+---+---+---+---+ 
 9 |   |   |   |   |   |   |   |   |   |   |   | 
   +---+---+---+---+---+---+---+---+---+---+---+ 
10 |   |   |   |   |   |   |   |   |   |   |   | 
   +---+---+---+---+---+---+---+---+---+---+---+ 
11 |   |   |   |   |   |   |   |   |   |   |   | 
   +---+---+---+---+---+---+---+---+---+---+---+ 
Move played: i6
Dark player (human) plays now
>      a   b   c   d   e   f   g   h   i   j   k 
   +---+---+---+---+---+---+---+---+---+---+---+ 
 1 |   |   |   |   |   |   |   |   |   |   |   | 
   +---+---+---+---+---+---+---+---+---+---+---+ 
 2 |   |   |   |   |   |   |   |   |   |   |   | 
   +---+---+---+---+---+---+---+---+---+---+---+ 
 3 |   |   |   |   |   |   |   |   |   | D |   | 
   +---+---+---+---+---+---+---+---+---+---+---+ 
 4 |   |   |   |   |   |   |   |   |   |   |   | 
   +---+---+---+---+---+---+---+---+---+---+---+ 
 5 |   |   |   |   |   |   |   |   |   |   |   | 
   +---+---+---+---+---+---+---+---+---+---+---+ 
 6 |   |   |   |   |   |   |   |   | L |   |   | 
   +---+---+---+---+---+---+---+---+---+---+---+ 
 7 |   | D |   |   |   | D | L | L | D |   |   | 
   +---+---+---+---+---+---+---+---+---+---+---+ 
 8 |   |   |   |   |   |   |   |   |   |   |   | 
   +---+---+---+---+---+---+---+---+---+---+---+ 
 9 |   |   |   |   |   |   |   |   |   |   |   | 
   +---+---+---+---+---+---+---+---+---+---+---+ 
10 |   |   |   |   |   |   |   |   |   |   |   | 
   +---+---+---+---+---+---+---+---+---+---+---+ 
11 |   |   |   |   |   |   |   |   |   |   |   | 
   +---+---+---+---+---+---+---+---+---+---+---+ 
Move played: i7
Light player (COM) plays now
Light player (COM) is calculating its next move... (this might take up to 30 seconds)
     a   b   c   d   e   f   g   h   i   j   k 
   +---+---+---+---+---+---+---+---+---+---+---+ 
 1 |   |   |   |   |   |   | L |   |   |   |   | 
   +---+---+---+---+---+---+---+---+---+---+---+ 
 2 |   |   |   |   |   |   |   |   |   |   |   | 
   +---+---+---+---+---+---+---+---+---+---+---+ 
 3 |   |   |   |   |   |   |   |   |   | D |   | 
   +---+---+---+---+---+---+---+---+---+---+---+ 
 4 |   |   |   |   |   |   |   |   |   |   |   | 
   +---+---+---+---+---+---+---+---+---+---+---+ 
 5 |   |   |   |   |   |   |   |   |   |   |   | 
   +---+---+---+---+---+---+---+---+---+---+---+ 
 6 |   |   |   |   |   |   |   |   | L |   |   | 
   +---+---+---+---+---+---+---+---+---+---+---+ 
 7 |   | D |   |   |   | D | L | L | D |   |   | 
   +---+---+---+---+---+---+---+---+---+---+---+ 
 8 |   |   |   |   |   |   |   |   |   |   |   | 
   +---+---+---+---+---+---+---+---+---+---+---+ 
 9 |   |   |   |   |   |   |   |   |   |   |   | 
   +---+---+---+---+---+---+---+---+---+---+---+ 
10 |   |   |   |   |   |   |   |   |   |   |   | 
   +---+---+---+---+---+---+---+---+---+---+---+ 
11 |   |   |   |   |   |   |   |   |   |   |   | 
   +---+---+---+---+---+---+---+---+---+---+---+ 
Move played: g1
Dark player (human) plays now
>      a   b   c   d   e   f   g   h   i   j   k 
   +---+---+---+---+---+---+---+---+---+---+---+ 
 1 |   |   |   |   |   | D | L |   |   |   |   | 
   +---+---+---+---+---+---+---+---+---+---+---+ 
 2 |   |   |   |   |   |   |   |   |   |   |   | 
   +---+---+---+---+---+---+---+---+---+---+---+ 
 3 |   |   |   |   |   |   |   |   |   | D |   | 
   +---+---+---+---+---+---+---+---+---+---+---+ 
 4 |   |   |   |   |   |   |   |   |   |   |   | 
   +---+---+---+---+---+---+---+---+---+---+---+ 
 5 |   |   |   |   |   |   |   |   |   |   |   | 
   +---+---+---+---+---+---+---+---+---+---+---+ 
 6 |   |   |   |   |   |   |   |   | L |   |   | 
   +---+---+---+---+---+---+---+---+---+---+---+ 
 7 |   | D |   |   |   | D | L | L | D |   |   | 
   +---+---+---+---+---+---+---+---+---+---+---+ 
 8 |   |   |   |   |   |   |   |   |   |   |   | 
   +---+---+---+---+---+---+---+---+---+---+---+ 
 9 |   |   |   |   |   |   |   |   |   |   |   | 
   +---+---+---+---+---+---+---+---+---+---+---+ 
10 |   |   |   |   |   |   |   |   |   |   |   | 
   +---+---+---+---+---+---+---+---+---+---+---+ 
11 |   |   |   |   |   |   |   |   |   |   |   | 
   +---+---+---+---+---+---+---+---+---+---+---+ 
Move played: f1
Light player (COM) plays now
Light player (COM) is calculating its next move... (this might take up to 30 seconds)
     a   b   c   d   e   f   g   h   i   j   k 
   +---+---+---+---+---+---+---+---+---+---+---+ 
 1 |   |   |   |   |   | D | L |   |   |   |   | 
   +---+---+---+---+---+---+---+---+---+---+---+ 
 2 |   |   |   |   |   |   |   |   |   |   |   | 
   +---+---+---+---+---+---+---+---+---+---+---+ 
 3 |   |   |   |   |   |   |   |   |   | D |   | 
   +---+---+---+---+---+---+---+---+---+---+---+ 
 4 |   |   |   |   |   |   |   |   |   |   |   | 
   +---+---+---+---+---+---+---+---+---+---+---+ 
 5 |   |   |   |   |   |   |   |   |   |   |   | 
   +---+---+---+---+---+---+---+---+---+---+---+ 
 6 |   |   |   |   |   |   |   |   | L |   |   | 
   +---+---+---+---+---+---+---+---+---+---+---+ 
 7 |   | D |   |   |   | D | L | L | D |   |   | 
   +---+---+---+---+---+---+---+---+---+---+---+ 
 8 |   |   |   |   |   |   |   |   |   |   |   | 
   +---+---+---+---+---+---+---+---+---+---+---+ 
 9 |   |   |   |   |   |   |   |   |   | L |   | 
   +---+---+---+---+---+---+---+---+---+---+---+ 
10 |   |   |   |   |   |   |   |   |   |   |   | 
   +---+---+---+---+---+---+---+---+---+---+---+ 
11 |   |   |   |   |   |   |   |   |   |   |   | 
   +---+---+---+---+---+---+---+---+---+---+---+ 
Move played: j9
Dark player (human) plays now
>      a   b   c   d   e   f   g   h   i   j   k 
   +---+---+---+---+---+---+---+---+---+---+---+ 
 1 |   |   |   |   |   | D | L |   |   |   |   | 
   +---+---+---+---+---+---+---+---+---+---+---+ 
 2 |   |   |   |   |   |   |   |   |   |   |   | 
   +---+---+---+---+---+---+---+---+---+---+---+ 
 3 |   |   |   |   |   |   |   |   |   | D |   | 
   +---+---+---+---+---+---+---+---+---+---+---+ 
 4 |   |   |   |   |   |   |   |   |   |   |   | 
   +---+---+---+---+---+---+---+---+---+---+---+ 
 5 |   |   |   |   |   |   |   |   |   |   |   | 
   +---+---+---+---+---+---+---+---+---+---+---+ 
 6 |   |   |   |   |   |   |   |   | L |   |   | 
   +---+---+---+---+---+---+---+---+---+---+---+ 
 7 |   | D |   |   |   | D | L | L | D |   |   | 
   +---+---+---+---+---+---+---+---+---+---+---+ 
 8 |   |   |   |   |   |   |   |   |   |   |   | 
   +---+---+---+---+---+---+---+---+---+---+---+ 
 9 |   |   |   |   |   |   |   |   |   | L |   | 
   +---+---+---+---+---+---+---+---+---+---+---+ 
10 |   |   |   |   |   |   | D |   |   |   |   | 
   +---+---+---+---+---+---+---+---+---+---+---+ 
11 |   |   |   |   |   |   |   |   |   |   |   | 
   +---+---+---+---+---+---+---+---+---+---+---+ 
Move played: g10
Light player (COM) plays now
Light player (COM) is calculating its next move... (this might take up to 30 seconds)
     a   b   c   d   e   f   g   h   i   j   k 
   +---+---+---+---+---+---+---+---+---+---+---+ 
 1 |   |   |   |   |   | D | L |   |   |   |   | 
   +---+---+---+---+---+---+---+---+---+---+---+ 
 2 |   |   |   |   |   |   |   |   |   |   |   | 
   +---+---+---+---+---+---+---+---+---+---+---+ 
 3 |   |   |   |   |   |   |   |   |   | D |   | 
   +---+---+---+---+---+---+---+---+---+---+---+ 
 4 |   |   |   |   |   |   |   |   |   |   |   | 
   +---+---+---+---+---+---+---+---+---+---+---+ 
 5 |   |   |   |   |   |   |   |   |   |   | L | 
   +---+---+---+---+---+---+---+---+---+---+---+ 
 6 |   |   |   |   |   |   |   |   | L |   |   | 
   +---+---+---+---+---+---+---+---+---+---+---+ 
 7 |   | D |   |   |   | D | L | L | D |   |   | 
   +---+---+---+---+---+---+---+---+---+---+---+ 
 8 |   |   |   |   |   |   |   |   |   |   |   | 
   +---+---+---+---+---+---+---+---+---+---+---+ 
 9 |   |   |   |   |   |   |   |   |   | L |   | 
   +---+---+---+---+---+---+---+---+---+---+---+ 
10 |   |   |   |   |   |   | D |   |   |   |   | 
   +---+---+---+---+---+---+---+---+---+---+---+ 
11 |   |   |   |   |   |   |   |   |   |   |   | 
   +---+---+---+---+---+---+---+---+---+---+---+ 
Move played: k5
